Using pre-set license
Built from '2020.3/staging' branch; Version is '2020.3.16f1 (049d6eca3c44) revision 302446'; Using compiler version '192528614'; Build Type 'Release'
OS: 'Windows 10 Enterprise; OS build 19043.1237; Version 2009; 64bit' Language: 'en' Physical Memory: 16055 MB
BatchMode: 1, IsHumanControllingUs: 0, StartBugReporterOnCrash: 0, Is64bit: 1, IsPro: 0

 COMMAND LINE ARGUMENTS:
C:\Program Files\Unity\Hub\Editor\2020.3.16f1\Editor\Unity.exe
-adb2
-batchMode
-noUpm
-name
AssetImportWorker0
-projectPath
C:/Users/fbstock/Documents/GitHub/Vr-Project-1-F-Stock
-logFile
Logs/AssetImportWorker0.log
-srvPort
52088
Successfully changed project path to: C:/Users/fbstock/Documents/GitHub/Vr-Project-1-F-Stock
C:/Users/fbstock/Documents/GitHub/Vr-Project-1-F-Stock
Using Asset Import Pipeline V2.
Refreshing native plugins compatible for Editor in 36.66 ms, found 7 plugins.
Preloading 0 native plugins for Editor in 0.00 ms.
Initialize engine version: 2020.3.16f1 (049d6eca3c44)
[Subsystems] Discovering subsystems at path C:/Program Files/Unity/Hub/Editor/2020.3.16f1/Editor/Data/Resources/UnitySubsystems
[Subsystems] Discovering subsystems at path C:/Users/fbstock/Documents/GitHub/Vr-Project-1-F-Stock/Assets
GfxDevice: creating device client; threaded=0
Direct3D:
    Version:  Direct3D 11.0 [level 11.1]
    Renderer: NVIDIA Quadro RTX 4000 (ID=0x1eb1)
    Vendor:   
    VRAM:     8018 MB
    Driver:   27.21.14.6231
Initialize mono
Mono path[0] = 'C:/Program Files/Unity/Hub/Editor/2020.3.16f1/Editor/Data/Managed'
Mono path[1] = 'C:/Program Files/Unity/Hub/Editor/2020.3.16f1/Editor/Data/MonoBleedingEdge/lib/mono/unityjit'
Mono config path = 'C:/Program Files/Unity/Hub/Editor/2020.3.16f1/Editor/Data/MonoBleedingEdge/etc'
Using monoOptions --debugger-agent=transport=dt_socket,embedding=1,server=y,suspend=n,address=127.0.0.1:56128
Begin MonoManager ReloadAssembly
Registering precompiled unity dll's ...
Register platform support module: C:/Program Files/Unity/Hub/Editor/2020.3.16f1/Editor/Data/PlaybackEngines/WebGLSupport/UnityEditor.WebGL.Extensions.dll
Register platform support module: C:/Program Files/Unity/Hub/Editor/2020.3.16f1/Editor/Data/PlaybackEngines/MacStandaloneSupport/UnityEditor.OSXStandalone.Extensions.dll
Register platform support module: C:/Program Files/Unity/Hub/Editor/2020.3.16f1/Editor/Data/PlaybackEngines/WindowsStandaloneSupport/UnityEditor.WindowsStandalone.Extensions.dll
Registered in 0.001759 seconds.
Native extension for WindowsStandalone target not found
Native extension for OSXStandalone target not found
Native extension for WebGL target not found
Refreshing native plugins compatible for Editor in 35.21 ms, found 7 plugins.
Preloading 0 native plugins for Editor in 0.00 ms.
Mono: successfully reloaded assembly
- Completed reload, in  1.422 seconds
Domain Reload Profiling:
	ReloadAssembly (1422ms)
		BeginReloadAssembly (44ms)
			ExecutionOrderSort (0ms)
			DisableScriptedObjects (0ms)
			BackupInstance (0ms)
			ReleaseScriptingObjects (0ms)
			CreateAndSetChildDomain (1ms)
		EndReloadAssembly (367ms)
			LoadAssemblies (43ms)
			RebuildTransferFunctionScriptingTraits (0ms)
			SetupTypeCache (134ms)
			ReleaseScriptCaches (0ms)
			RebuildScriptCaches (27ms)
			SetupLoadedEditorAssemblies (143ms)
				LogAssemblyErrors (0ms)
				InitializePlatformSupportModulesInManaged (5ms)
				SetLoadedEditorAssemblies (0ms)
				RefreshPlugins (35ms)
				BeforeProcessingInitializeOnLoad (15ms)
				ProcessInitializeOnLoadAttributes (64ms)
				ProcessInitializeOnLoadMethodAttributes (23ms)
				AfterProcessingInitializeOnLoad (0ms)
				EditorAssembliesLoaded (0ms)
			ExecutionOrderSort2 (0ms)
			AwakeInstancesAfterBackupRestoration (0ms)
Platform modules already initialized, skipping
Registering precompiled user dll's ...
Registered in 0.004884 seconds.
Begin MonoManager ReloadAssembly
Native extension for WindowsStandalone target not found
Native extension for OSXStandalone target not found
Native extension for WebGL target not found
Refreshing native plugins compatible for Editor in 35.78 ms, found 7 plugins.
Preloading 0 native plugins for Editor in 0.00 ms.
Mono: successfully reloaded assembly
- Completed reload, in  1.085 seconds
Domain Reload Profiling:
	ReloadAssembly (1086ms)
		BeginReloadAssembly (120ms)
			ExecutionOrderSort (0ms)
			DisableScriptedObjects (4ms)
			BackupInstance (0ms)
			ReleaseScriptingObjects (0ms)
			CreateAndSetChildDomain (20ms)
		EndReloadAssembly (914ms)
			LoadAssemblies (74ms)
			RebuildTransferFunctionScriptingTraits (0ms)
			SetupTypeCache (257ms)
			ReleaseScriptCaches (1ms)
			RebuildScriptCaches (43ms)
			SetupLoadedEditorAssemblies (430ms)
				LogAssemblyErrors (0ms)
				InitializePlatformSupportModulesInManaged (4ms)
				SetLoadedEditorAssemblies (0ms)
				RefreshPlugins (36ms)
				BeforeProcessingInitializeOnLoad (64ms)
				ProcessInitializeOnLoadAttributes (316ms)
				ProcessInitializeOnLoadMethodAttributes (5ms)
				AfterProcessingInitializeOnLoad (4ms)
				EditorAssembliesLoaded (0ms)
			ExecutionOrderSort2 (0ms)
			AwakeInstancesAfterBackupRestoration (5ms)
Platform modules already initialized, skipping
========================================================================
Worker process is ready to serve import requests
Launched and connected shader compiler UnityShaderCompiler.exe after 0.06 seconds
Refreshing native plugins compatible for Editor in 0.61 ms, found 7 plugins.
Preloading 0 native plugins for Editor in 0.00 ms.
Unloading 2021 Unused Serialized files (Serialized files now loaded: 0)
System memory in use before: 87.1 MB.
System memory in use after: 87.2 MB.

Unloading 38 unused Assets to reduce memory usage. Loaded Objects now: 2463.
Total: 3.431300 ms (FindLiveObjects: 0.247500 ms CreateObjectMapping: 0.059000 ms MarkObjects: 3.053900 ms  DeleteObjects: 0.069900 ms)

AssetImportParameters requested are different than current active one (requested -> active):
  custom:framework-win-MediaFoundation: 216162199b28c13a410421893ffa2e32 -> 
  custom:video-decoder-ogg-theora: a1e56fd34408186e4bbccfd4996cb3dc -> 
  custom:container-muxer-webm: aa71ff27fc2769a1b78a27578f13a17b -> 
  custom:container-demuxer-webm: 4f35f7cbe854078d1ac9338744f61a02 -> 
  custom:container-demuxer-ogg: 62fdf1f143b41e24485cea50d1cbac27 -> 
  custom:video-encoder-webm-vp8: eb34c28f22e8b96e1ab97ce403110664 -> 
  custom:video-decoder-webm-vp8: 9c59270c3fd7afecdb556c50c9e8de78 -> 
  custom:audio-decoder-ogg-vorbis: bf7c407c2cedff20999df2af8eb42d56 -> 
  custom:audio-encoder-webm-vorbis: bf7c407c2cedff20999df2af8eb42d56 -> 
========================================================================
Received Import Request.
  path: Assets/Scenes/TestScene.unity
  artifactKey: Guid(729c096798c24134290213b6cabbd32e) Importer(815301076,1909f56bfc062723c751e8b465ee728b)
Start importing Assets/Scenes/TestScene.unity using Guid(729c096798c24134290213b6cabbd32e) Importer(815301076,1909f56bfc062723c751e8b465ee728b)  -> (artifact id: '19d16a705d466eae7a4db9d9c0d47ea4') in 0.015179 seconds 
  Import took 0.018208 seconds .

========================================================================
Received Import Request.
  Time since last request: 0.000169 seconds.
  path: Assets/Scenes
  artifactKey: Guid(9eb27e26ab00ce04da652d409529ae47) Importer(815301076,1909f56bfc062723c751e8b465ee728b)
Start importing Assets/Scenes using Guid(9eb27e26ab00ce04da652d409529ae47) Importer(815301076,1909f56bfc062723c751e8b465ee728b)  -> (artifact id: '03a6981de06d07b9e4a6a81328c79896') in 0.006172 seconds 
  Import took 0.010200 seconds .

========================================================================
Received Import Request.
  Time since last request: 3.913341 seconds.
  path: Assets/Scripts/Ballista
  artifactKey: Guid(68e8ea6f4d8a8984eaade3a107a850c6) Importer(815301076,1909f56bfc062723c751e8b465ee728b)
Start importing Assets/Scripts/Ballista using Guid(68e8ea6f4d8a8984eaade3a107a850c6) Importer(815301076,1909f56bfc062723c751e8b465ee728b)  -> (artifact id: 'fed11e83727db8999566d8cd00ea3c97') in 0.005780 seconds 
  Import took 0.008912 seconds .

========================================================================
Received Import Request.
  Time since last request: 1.176032 seconds.
  path: Assets/Scripts/Ballista/BallistaControlRight.cs
  artifactKey: Guid(532fa4b1cd721ef44bd8743c75f998ef) Importer(815301076,1909f56bfc062723c751e8b465ee728b)
Start importing Assets/Scripts/Ballista/BallistaControlRight.cs using Guid(532fa4b1cd721ef44bd8743c75f998ef) Importer(815301076,1909f56bfc062723c751e8b465ee728b)  -> (artifact id: '1d52a13786b5d1af33925309aec2433f') in 0.019155 seconds 
  Import took 0.022287 seconds .

========================================================================
Received Import Request.
  Time since last request: 11.454882 seconds.
  path: Assets/Scripts/Ballista/BallistaControlLeft.cs
  artifactKey: Guid(868483c2704185f4b9d762395be98997) Importer(815301076,1909f56bfc062723c751e8b465ee728b)
Start importing Assets/Scripts/Ballista/BallistaControlLeft.cs using Guid(868483c2704185f4b9d762395be98997) Importer(815301076,1909f56bfc062723c751e8b465ee728b)  -> (artifact id: '266bc2fcfb5514a943da650836e0c600') in 0.011770 seconds 
  Import took 0.018222 seconds .

========================================================================
Received Import Request.
  Time since last request: 69.292328 seconds.
  path: Assets/Scripts/Ballista/BallistaControlLeft.cs
  artifactKey: Guid(868483c2704185f4b9d762395be98997) Importer(815301076,1909f56bfc062723c751e8b465ee728b)
Start importing Assets/Scripts/Ballista/BallistaControlLeft.cs using Guid(868483c2704185f4b9d762395be98997) Importer(815301076,1909f56bfc062723c751e8b465ee728b)  -> (artifact id: 'b8723a2325b2f43b94bfdc07b987159b') in 0.002227 seconds 
  Import took 0.006216 seconds .

========================================================================
Received Import Request.
  Time since last request: 0.001080 seconds.
  path: Assets/Scripts/Ballista/BallistaControlLeft.cs
  artifactKey: Guid(868483c2704185f4b9d762395be98997) Importer(815301076,1909f56bfc062723c751e8b465ee728b)
Start importing Assets/Scripts/Ballista/BallistaControlLeft.cs using Guid(868483c2704185f4b9d762395be98997) Importer(815301076,1909f56bfc062723c751e8b465ee728b)  -> (artifact id: 'b8723a2325b2f43b94bfdc07b987159b') in 0.001928 seconds 
  Import took 0.005442 seconds .

========================================================================
Received Import Request.
  Time since last request: 16.058986 seconds.
  path: Assets/Scripts/Ballista/BallistaControlLeft.cs
  artifactKey: Guid(868483c2704185f4b9d762395be98997) Importer(815301076,1909f56bfc062723c751e8b465ee728b)
Start importing Assets/Scripts/Ballista/BallistaControlLeft.cs using Guid(868483c2704185f4b9d762395be98997) Importer(815301076,1909f56bfc062723c751e8b465ee728b)  -> (artifact id: 'ee33b0b75eb76b100ee6106938e278d4') in 0.002174 seconds 
  Import took 0.005512 seconds .

========================================================================
Received Prepare
Registering precompiled user dll's ...
Registered in 0.004915 seconds.
Begin MonoManager ReloadAssembly
Native extension for WindowsStandalone target not found
Native extension for OSXStandalone target not found
Native extension for WebGL target not found
Refreshing native plugins compatible for Editor in 0.60 ms, found 7 plugins.
Preloading 0 native plugins for Editor in 0.00 ms.
Mono: successfully reloaded assembly
- Completed reload, in  1.028 seconds
Domain Reload Profiling:
	ReloadAssembly (1029ms)
		BeginReloadAssembly (122ms)
			ExecutionOrderSort (0ms)
			DisableScriptedObjects (4ms)
			BackupInstance (0ms)
			ReleaseScriptingObjects (0ms)
			CreateAndSetChildDomain (39ms)
		EndReloadAssembly (841ms)
			LoadAssemblies (86ms)
			RebuildTransferFunctionScriptingTraits (0ms)
			SetupTypeCache (260ms)
			ReleaseScriptCaches (1ms)
			RebuildScriptCaches (33ms)
			SetupLoadedEditorAssemblies (366ms)
				LogAssemblyErrors (0ms)
				InitializePlatformSupportModulesInManaged (5ms)
				SetLoadedEditorAssemblies (0ms)
				RefreshPlugins (1ms)
				BeforeProcessingInitializeOnLoad (64ms)
				ProcessInitializeOnLoadAttributes (289ms)
				ProcessInitializeOnLoadMethodAttributes (4ms)
				AfterProcessingInitializeOnLoad (4ms)
				EditorAssembliesLoaded (0ms)
			ExecutionOrderSort2 (0ms)
			AwakeInstancesAfterBackupRestoration (6ms)
Platform modules already initialized, skipping
Refreshing native plugins compatible for Editor in 0.60 ms, found 7 plugins.
Preloading 0 native plugins for Editor in 0.00 ms.
Unloading 2009 Unused Serialized files (Serialized files now loaded: 0)
System memory in use before: 94.8 MB.
System memory in use after: 94.9 MB.

Unloading 31 unused Assets to reduce memory usage. Loaded Objects now: 2466.
Total: 3.314500 ms (FindLiveObjects: 0.245700 ms CreateObjectMapping: 0.056400 ms MarkObjects: 2.988100 ms  DeleteObjects: 0.023200 ms)

AssetImportParameters requested are different than current active one (requested -> active):
  custom:framework-win-MediaFoundation: 216162199b28c13a410421893ffa2e32 -> 
  custom:video-decoder-ogg-theora: a1e56fd34408186e4bbccfd4996cb3dc -> 
  custom:container-muxer-webm: aa71ff27fc2769a1b78a27578f13a17b -> 
  custom:container-demuxer-webm: 4f35f7cbe854078d1ac9338744f61a02 -> 
  custom:container-demuxer-ogg: 62fdf1f143b41e24485cea50d1cbac27 -> 
  custom:video-encoder-webm-vp8: eb34c28f22e8b96e1ab97ce403110664 -> 
  custom:video-decoder-webm-vp8: 9c59270c3fd7afecdb556c50c9e8de78 -> 
  custom:audio-decoder-ogg-vorbis: bf7c407c2cedff20999df2af8eb42d56 -> 
  custom:audio-encoder-webm-vorbis: bf7c407c2cedff20999df2af8eb42d56 -> 
========================================================================
Received Prepare
Registering precompiled user dll's ...
Registered in 0.004847 seconds.
Begin MonoManager ReloadAssembly
Native extension for WindowsStandalone target not found
Native extension for OSXStandalone target not found
Native extension for WebGL target not found
Refreshing native plugins compatible for Editor in 0.62 ms, found 7 plugins.
Preloading 0 native plugins for Editor in 0.00 ms.
Mono: successfully reloaded assembly
- Completed reload, in  0.994 seconds
Domain Reload Profiling:
	ReloadAssembly (994ms)
		BeginReloadAssembly (109ms)
			ExecutionOrderSort (0ms)
			DisableScriptedObjects (4ms)
			BackupInstance (0ms)
			ReleaseScriptingObjects (0ms)
			CreateAndSetChildDomain (34ms)
		EndReloadAssembly (833ms)
			LoadAssemblies (72ms)
			RebuildTransferFunctionScriptingTraits (0ms)
			SetupTypeCache (246ms)
			ReleaseScriptCaches (1ms)
			RebuildScriptCaches (34ms)
			SetupLoadedEditorAssemblies (375ms)
				LogAssemblyErrors (0ms)
				InitializePlatformSupportModulesInManaged (5ms)
				SetLoadedEditorAssemblies (0ms)
				RefreshPlugins (1ms)
				BeforeProcessingInitializeOnLoad (68ms)
				ProcessInitializeOnLoadAttributes (294ms)
				ProcessInitializeOnLoadMethodAttributes (4ms)
				AfterProcessingInitializeOnLoad (4ms)
				EditorAssembliesLoaded (0ms)
			ExecutionOrderSort2 (0ms)
			AwakeInstancesAfterBackupRestoration (7ms)
Platform modules already initialized, skipping
Refreshing native plugins compatible for Editor in 0.60 ms, found 7 plugins.
Preloading 0 native plugins for Editor in 0.00 ms.
Unloading 2009 Unused Serialized files (Serialized files now loaded: 0)
System memory in use before: 94.8 MB.
System memory in use after: 94.9 MB.

Unloading 31 unused Assets to reduce memory usage. Loaded Objects now: 2469.
Total: 3.459600 ms (FindLiveObjects: 0.305200 ms CreateObjectMapping: 0.076500 ms MarkObjects: 3.049300 ms  DeleteObjects: 0.027500 ms)

AssetImportParameters requested are different than current active one (requested -> active):
  custom:framework-win-MediaFoundation: 216162199b28c13a410421893ffa2e32 -> 
  custom:video-decoder-ogg-theora: a1e56fd34408186e4bbccfd4996cb3dc -> 
  custom:container-muxer-webm: aa71ff27fc2769a1b78a27578f13a17b -> 
  custom:container-demuxer-webm: 4f35f7cbe854078d1ac9338744f61a02 -> 
  custom:container-demuxer-ogg: 62fdf1f143b41e24485cea50d1cbac27 -> 
  custom:video-encoder-webm-vp8: eb34c28f22e8b96e1ab97ce403110664 -> 
  custom:video-decoder-webm-vp8: 9c59270c3fd7afecdb556c50c9e8de78 -> 
  custom:audio-decoder-ogg-vorbis: bf7c407c2cedff20999df2af8eb42d56 -> 
  custom:audio-encoder-webm-vorbis: bf7c407c2cedff20999df2af8eb42d56 -> 
========================================================================
Received Prepare
Registering precompiled user dll's ...
Registered in 0.004705 seconds.
Begin MonoManager ReloadAssembly
Native extension for WindowsStandalone target not found
Native extension for OSXStandalone target not found
Native extension for WebGL target not found
Refreshing native plugins compatible for Editor in 0.84 ms, found 7 plugins.
Preloading 0 native plugins for Editor in 0.00 ms.
Mono: successfully reloaded assembly
- Completed reload, in  1.058 seconds
Domain Reload Profiling:
	ReloadAssembly (1058ms)
		BeginReloadAssembly (106ms)
			ExecutionOrderSort (0ms)
			DisableScriptedObjects (3ms)
			BackupInstance (0ms)
			ReleaseScriptingObjects (0ms)
			CreateAndSetChildDomain (36ms)
		EndReloadAssembly (900ms)
			LoadAssemblies (79ms)
			RebuildTransferFunctionScriptingTraits (0ms)
			SetupTypeCache (250ms)
			ReleaseScriptCaches (1ms)
			RebuildScriptCaches (40ms)
			SetupLoadedEditorAssemblies (394ms)
				LogAssemblyErrors (0ms)
				InitializePlatformSupportModulesInManaged (5ms)
				SetLoadedEditorAssemblies (0ms)
				RefreshPlugins (1ms)
				BeforeProcessingInitializeOnLoad (75ms)
				ProcessInitializeOnLoadAttributes (304ms)
				ProcessInitializeOnLoadMethodAttributes (4ms)
				AfterProcessingInitializeOnLoad (4ms)
				EditorAssembliesLoaded (0ms)
			ExecutionOrderSort2 (0ms)
			AwakeInstancesAfterBackupRestoration (8ms)
Platform modules already initialized, skipping
Refreshing native plugins compatible for Editor in 1.03 ms, found 7 plugins.
Preloading 0 native plugins for Editor in 0.00 ms.
Unloading 2009 Unused Serialized files (Serialized files now loaded: 0)
System memory in use before: 94.8 MB.
System memory in use after: 94.9 MB.

Unloading 31 unused Assets to reduce memory usage. Loaded Objects now: 2472.
Total: 4.111700 ms (FindLiveObjects: 0.246000 ms CreateObjectMapping: 0.055600 ms MarkObjects: 3.776600 ms  DeleteObjects: 0.031400 ms)

AssetImportParameters requested are different than current active one (requested -> active):
  custom:framework-win-MediaFoundation: 216162199b28c13a410421893ffa2e32 -> 
  custom:video-decoder-ogg-theora: a1e56fd34408186e4bbccfd4996cb3dc -> 
  custom:container-muxer-webm: aa71ff27fc2769a1b78a27578f13a17b -> 
  custom:container-demuxer-webm: 4f35f7cbe854078d1ac9338744f61a02 -> 
  custom:container-demuxer-ogg: 62fdf1f143b41e24485cea50d1cbac27 -> 
  custom:video-encoder-webm-vp8: eb34c28f22e8b96e1ab97ce403110664 -> 
  custom:video-decoder-webm-vp8: 9c59270c3fd7afecdb556c50c9e8de78 -> 
  custom:audio-decoder-ogg-vorbis: bf7c407c2cedff20999df2af8eb42d56 -> 
  custom:audio-encoder-webm-vorbis: bf7c407c2cedff20999df2af8eb42d56 -> 
========================================================================
Received Prepare
Registering precompiled user dll's ...
Registered in 0.004785 seconds.
Begin MonoManager ReloadAssembly
Native extension for WindowsStandalone target not found
Native extension for OSXStandalone target not found
Native extension for WebGL target not found
Refreshing native plugins compatible for Editor in 0.61 ms, found 7 plugins.
Preloading 0 native plugins for Editor in 0.00 ms.
Mono: successfully reloaded assembly
- Completed reload, in  0.981 seconds
Domain Reload Profiling:
	ReloadAssembly (982ms)
		BeginReloadAssembly (103ms)
			ExecutionOrderSort (0ms)
			DisableScriptedObjects (5ms)
			BackupInstance (0ms)
			ReleaseScriptingObjects (0ms)
			CreateAndSetChildDomain (37ms)
		EndReloadAssembly (826ms)
			LoadAssemblies (80ms)
			RebuildTransferFunctionScriptingTraits (0ms)
			SetupTypeCache (256ms)
			ReleaseScriptCaches (1ms)
			RebuildScriptCaches (35ms)
			SetupLoadedEditorAssemblies (352ms)
				LogAssemblyErrors (0ms)
				InitializePlatformSupportModulesInManaged (5ms)
				SetLoadedEditorAssemblies (0ms)
				RefreshPlugins (1ms)
				BeforeProcessingInitializeOnLoad (62ms)
				ProcessInitializeOnLoadAttributes (277ms)
				ProcessInitializeOnLoadMethodAttributes (4ms)
				AfterProcessingInitializeOnLoad (4ms)
				EditorAssembliesLoaded (0ms)
			ExecutionOrderSort2 (0ms)
			AwakeInstancesAfterBackupRestoration (7ms)
Platform modules already initialized, skipping
Refreshing native plugins compatible for Editor in 0.63 ms, found 7 plugins.
Preloading 0 native plugins for Editor in 0.00 ms.
Unloading 2009 Unused Serialized files (Serialized files now loaded: 0)
System memory in use before: 94.8 MB.
System memory in use after: 95.0 MB.

Unloading 31 unused Assets to reduce memory usage. Loaded Objects now: 2475.
Total: 3.549200 ms (FindLiveObjects: 0.229500 ms CreateObjectMapping: 0.050600 ms MarkObjects: 3.245000 ms  DeleteObjects: 0.023000 ms)

AssetImportParameters requested are different than current active one (requested -> active):
  custom:framework-win-MediaFoundation: 216162199b28c13a410421893ffa2e32 -> 
  custom:video-decoder-ogg-theora: a1e56fd34408186e4bbccfd4996cb3dc -> 
  custom:container-muxer-webm: aa71ff27fc2769a1b78a27578f13a17b -> 
  custom:container-demuxer-webm: 4f35f7cbe854078d1ac9338744f61a02 -> 
  custom:container-demuxer-ogg: 62fdf1f143b41e24485cea50d1cbac27 -> 
  custom:video-encoder-webm-vp8: eb34c28f22e8b96e1ab97ce403110664 -> 
  custom:video-decoder-webm-vp8: 9c59270c3fd7afecdb556c50c9e8de78 -> 
  custom:audio-decoder-ogg-vorbis: bf7c407c2cedff20999df2af8eb42d56 -> 
  custom:audio-encoder-webm-vorbis: bf7c407c2cedff20999df2af8eb42d56 -> 
========================================================================
Received Prepare
Registering precompiled user dll's ...
Registered in 0.005247 seconds.
Begin MonoManager ReloadAssembly
Native extension for WindowsStandalone target not found
Native extension for OSXStandalone target not found
Native extension for WebGL target not found
Refreshing native plugins compatible for Editor in 0.65 ms, found 7 plugins.
Preloading 0 native plugins for Editor in 0.00 ms.
Mono: successfully reloaded assembly
- Completed reload, in  0.986 seconds
Domain Reload Profiling:
	ReloadAssembly (986ms)
		BeginReloadAssembly (108ms)
			ExecutionOrderSort (0ms)
			DisableScriptedObjects (4ms)
			BackupInstance (0ms)
			ReleaseScriptingObjects (0ms)
			CreateAndSetChildDomain (38ms)
		EndReloadAssembly (825ms)
			LoadAssemblies (74ms)
			RebuildTransferFunctionScriptingTraits (0ms)
			SetupTypeCache (250ms)
			ReleaseScriptCaches (1ms)
			RebuildScriptCaches (34ms)
			SetupLoadedEditorAssemblies (361ms)
				LogAssemblyErrors (0ms)
				InitializePlatformSupportModulesInManaged (5ms)
				SetLoadedEditorAssemblies (0ms)
				RefreshPlugins (1ms)
				BeforeProcessingInitializeOnLoad (62ms)
				ProcessInitializeOnLoadAttributes (285ms)
				ProcessInitializeOnLoadMethodAttributes (4ms)
				AfterProcessingInitializeOnLoad (4ms)
				EditorAssembliesLoaded (0ms)
			ExecutionOrderSort2 (0ms)
			AwakeInstancesAfterBackupRestoration (7ms)
Platform modules already initialized, skipping
Refreshing native plugins compatible for Editor in 0.59 ms, found 7 plugins.
Preloading 0 native plugins for Editor in 0.00 ms.
Unloading 2009 Unused Serialized files (Serialized files now loaded: 0)
System memory in use before: 94.9 MB.
System memory in use after: 95.0 MB.

Unloading 31 unused Assets to reduce memory usage. Loaded Objects now: 2478.
Total: 3.502800 ms (FindLiveObjects: 0.237000 ms CreateObjectMapping: 0.053100 ms MarkObjects: 3.185700 ms  DeleteObjects: 0.025800 ms)

AssetImportParameters requested are different than current active one (requested -> active):
  custom:framework-win-MediaFoundation: 216162199b28c13a410421893ffa2e32 -> 
  custom:video-decoder-ogg-theora: a1e56fd34408186e4bbccfd4996cb3dc -> 
  custom:container-muxer-webm: aa71ff27fc2769a1b78a27578f13a17b -> 
  custom:container-demuxer-webm: 4f35f7cbe854078d1ac9338744f61a02 -> 
  custom:container-demuxer-ogg: 62fdf1f143b41e24485cea50d1cbac27 -> 
  custom:video-encoder-webm-vp8: eb34c28f22e8b96e1ab97ce403110664 -> 
  custom:video-decoder-webm-vp8: 9c59270c3fd7afecdb556c50c9e8de78 -> 
  custom:audio-decoder-ogg-vorbis: bf7c407c2cedff20999df2af8eb42d56 -> 
  custom:audio-encoder-webm-vorbis: bf7c407c2cedff20999df2af8eb42d56 -> 
========================================================================
Received Import Request.
  Time since last request: 198.380089 seconds.
  path: Assets/Scripts/Ballista/BallistaControlRight.cs
  artifactKey: Guid(532fa4b1cd721ef44bd8743c75f998ef) Importer(815301076,1909f56bfc062723c751e8b465ee728b)
Start importing Assets/Scripts/Ballista/BallistaControlRight.cs using Guid(532fa4b1cd721ef44bd8743c75f998ef) Importer(815301076,1909f56bfc062723c751e8b465ee728b)  -> (artifact id: '77759c0466bd0699e7adac845271643d') in 0.009178 seconds 
  Import took 0.012414 seconds .

========================================================================
Received Import Request.
  Time since last request: 0.382122 seconds.
  path: Assets/Scripts/Ballista/BallistaString.cs
  artifactKey: Guid(494c17bc691e5c8429f10cc77a44a2b4) Importer(815301076,1909f56bfc062723c751e8b465ee728b)
Start importing Assets/Scripts/Ballista/BallistaString.cs using Guid(494c17bc691e5c8429f10cc77a44a2b4) Importer(815301076,1909f56bfc062723c751e8b465ee728b)  -> (artifact id: 'c1e055bcd83ad38984595abc2ecf1bff') in 0.005362 seconds 
  Import took 0.009017 seconds .

========================================================================
Received Import Request.
  Time since last request: 0.019155 seconds.
  path: Assets/Scripts/Ballista/BallistaString.cs
  artifactKey: Guid(494c17bc691e5c8429f10cc77a44a2b4) Importer(815301076,1909f56bfc062723c751e8b465ee728b)
Start importing Assets/Scripts/Ballista/BallistaString.cs using Guid(494c17bc691e5c8429f10cc77a44a2b4) Importer(815301076,1909f56bfc062723c751e8b465ee728b)  -> (artifact id: 'c1e055bcd83ad38984595abc2ecf1bff') in 0.002798 seconds 
  Import took 0.005923 seconds .

========================================================================
Received Import Request.
  Time since last request: 2.381219 seconds.
  path: Assets/Scripts/Bolt.cs
  artifactKey: Guid(915a03f64fd109742829e5cccc93a3ee) Importer(815301076,1909f56bfc062723c751e8b465ee728b)
Start importing Assets/Scripts/Bolt.cs using Guid(915a03f64fd109742829e5cccc93a3ee) Importer(815301076,1909f56bfc062723c751e8b465ee728b)  -> (artifact id: '1a8b059466e1308daed86b8ff3cb8c3c') in 0.006033 seconds 
  Import took 0.009903 seconds .

========================================================================
Received Import Request.
  Time since last request: 10.620722 seconds.
  path: Assets/Scripts/Bolt.cs
  artifactKey: Guid(915a03f64fd109742829e5cccc93a3ee) Importer(815301076,1909f56bfc062723c751e8b465ee728b)
Start importing Assets/Scripts/Bolt.cs using Guid(915a03f64fd109742829e5cccc93a3ee) Importer(815301076,1909f56bfc062723c751e8b465ee728b)  -> (artifact id: 'a91b2ef84c43aa3619c11689546cf529') in 0.002743 seconds 
  Import took 0.006161 seconds .

========================================================================
Received Import Request.
  Time since last request: 0.000483 seconds.
  path: Assets/Scripts/Bolt.cs
  artifactKey: Guid(915a03f64fd109742829e5cccc93a3ee) Importer(815301076,1909f56bfc062723c751e8b465ee728b)
Start importing Assets/Scripts/Bolt.cs using Guid(915a03f64fd109742829e5cccc93a3ee) Importer(815301076,1909f56bfc062723c751e8b465ee728b)  -> (artifact id: 'a91b2ef84c43aa3619c11689546cf529') in 0.002363 seconds 
  Import took 0.006527 seconds .

========================================================================
Received Import Request.
  Time since last request: 15.769725 seconds.
  path: Assets/Scripts/Bolt.cs
  artifactKey: Guid(915a03f64fd109742829e5cccc93a3ee) Importer(815301076,1909f56bfc062723c751e8b465ee728b)
Start importing Assets/Scripts/Bolt.cs using Guid(915a03f64fd109742829e5cccc93a3ee) Importer(815301076,1909f56bfc062723c751e8b465ee728b)  -> (artifact id: '7cf50d76ad193813875fb9eb39f7876f') in 0.002595 seconds 
  Import took 0.006175 seconds .

========================================================================
Received Import Request.
  Time since last request: 0.000468 seconds.
  path: Assets/Scripts/Bolt.cs
  artifactKey: Guid(915a03f64fd109742829e5cccc93a3ee) Importer(815301076,1909f56bfc062723c751e8b465ee728b)
Start importing Assets/Scripts/Bolt.cs using Guid(915a03f64fd109742829e5cccc93a3ee) Importer(815301076,1909f56bfc062723c751e8b465ee728b)  -> (artifact id: '7cf50d76ad193813875fb9eb39f7876f') in 0.002382 seconds 
  Import took 0.005672 seconds .

========================================================================
Received Import Request.
  Time since last request: 1.293689 seconds.
  path: Assets/Scripts/Bolt.cs
  artifactKey: Guid(915a03f64fd109742829e5cccc93a3ee) Importer(815301076,1909f56bfc062723c751e8b465ee728b)
Start importing Assets/Scripts/Bolt.cs using Guid(915a03f64fd109742829e5cccc93a3ee) Importer(815301076,1909f56bfc062723c751e8b465ee728b)  -> (artifact id: '5161c0c4ab696cd5c1ec4e1359e00de3') in 0.002458 seconds 
  Import took 0.005716 seconds .

========================================================================
Received Import Request.
  Time since last request: 4.171739 seconds.
  path: Assets/Scripts/Bolt.cs
  artifactKey: Guid(915a03f64fd109742829e5cccc93a3ee) Importer(815301076,1909f56bfc062723c751e8b465ee728b)
Start importing Assets/Scripts/Bolt.cs using Guid(915a03f64fd109742829e5cccc93a3ee) Importer(815301076,1909f56bfc062723c751e8b465ee728b)  -> (artifact id: '815368f79703a27fc16cd938b9a4771f') in 0.002377 seconds 
  Import took 0.006680 seconds .

========================================================================
Received Import Request.
  Time since last request: 3.292755 seconds.
  path: Assets/Scripts/Bolt.cs
  artifactKey: Guid(915a03f64fd109742829e5cccc93a3ee) Importer(815301076,1909f56bfc062723c751e8b465ee728b)
Start importing Assets/Scripts/Bolt.cs using Guid(915a03f64fd109742829e5cccc93a3ee) Importer(815301076,1909f56bfc062723c751e8b465ee728b)  -> (artifact id: 'c62a4783dc78483c54057957807ba957') in 0.002112 seconds 
  Import took 0.005716 seconds .

========================================================================
Received Import Request.
  Time since last request: 0.001421 seconds.
  path: Assets/Scripts/Bolt.cs
  artifactKey: Guid(915a03f64fd109742829e5cccc93a3ee) Importer(815301076,1909f56bfc062723c751e8b465ee728b)
Start importing Assets/Scripts/Bolt.cs using Guid(915a03f64fd109742829e5cccc93a3ee) Importer(815301076,1909f56bfc062723c751e8b465ee728b)  -> (artifact id: 'c62a4783dc78483c54057957807ba957') in 0.002018 seconds 
  Import took 0.005116 seconds .

========================================================================
Received Import Request.
  Time since last request: 15.076460 seconds.
  path: Assets/Scripts/Bolt.cs
  artifactKey: Guid(915a03f64fd109742829e5cccc93a3ee) Importer(815301076,1909f56bfc062723c751e8b465ee728b)
Start importing Assets/Scripts/Bolt.cs using Guid(915a03f64fd109742829e5cccc93a3ee) Importer(815301076,1909f56bfc062723c751e8b465ee728b)  -> (artifact id: '8feafa2fa4b955b50df75ee2379a30e3') in 0.002241 seconds 
  Import took 0.005833 seconds .

========================================================================
Received Import Request.
  Time since last request: 0.000662 seconds.
  path: Assets/Scripts/Bolt.cs
  artifactKey: Guid(915a03f64fd109742829e5cccc93a3ee) Importer(815301076,1909f56bfc062723c751e8b465ee728b)
Start importing Assets/Scripts/Bolt.cs using Guid(915a03f64fd109742829e5cccc93a3ee) Importer(815301076,1909f56bfc062723c751e8b465ee728b)  -> (artifact id: '8feafa2fa4b955b50df75ee2379a30e3') in 0.001963 seconds 
  Import took 0.005407 seconds .

========================================================================
Received Prepare
Registering precompiled user dll's ...
Registered in 0.005047 seconds.
Begin MonoManager ReloadAssembly
Native extension for WindowsStandalone target not found
Native extension for OSXStandalone target not found
Native extension for WebGL target not found
Refreshing native plugins compatible for Editor in 0.61 ms, found 7 plugins.
Preloading 0 native plugins for Editor in 0.00 ms.
Mono: successfully reloaded assembly
- Completed reload, in  1.021 seconds
Domain Reload Profiling:
	ReloadAssembly (1021ms)
		BeginReloadAssembly (108ms)
			ExecutionOrderSort (0ms)
			DisableScriptedObjects (5ms)
			BackupInstance (0ms)
			ReleaseScriptingObjects (0ms)
			CreateAndSetChildDomain (43ms)
		EndReloadAssembly (855ms)
			LoadAssemblies (72ms)
			RebuildTransferFunctionScriptingTraits (0ms)
			SetupTypeCache (265ms)
			ReleaseScriptCaches (1ms)
			RebuildScriptCaches (33ms)
			SetupLoadedEditorAssemblies (376ms)
				LogAssemblyErrors (0ms)
				InitializePlatformSupportModulesInManaged (5ms)
				SetLoadedEditorAssemblies (0ms)
				RefreshPlugins (1ms)
				BeforeProcessingInitializeOnLoad (62ms)
				ProcessInitializeOnLoadAttributes (300ms)
				ProcessInitializeOnLoadMethodAttributes (4ms)
				AfterProcessingInitializeOnLoad (4ms)
				EditorAssembliesLoaded (0ms)
			ExecutionOrderSort2 (0ms)
			AwakeInstancesAfterBackupRestoration (8ms)
Platform modules already initialized, skipping
Refreshing native plugins compatible for Editor in 0.65 ms, found 7 plugins.
Preloading 0 native plugins for Editor in 0.00 ms.
Unloading 2009 Unused Serialized files (Serialized files now loaded: 0)
System memory in use before: 94.9 MB.
System memory in use after: 95.0 MB.

Unloading 31 unused Assets to reduce memory usage. Loaded Objects now: 2481.
Total: 4.231500 ms (FindLiveObjects: 0.251700 ms CreateObjectMapping: 0.046700 ms MarkObjects: 3.897800 ms  DeleteObjects: 0.030800 ms)

AssetImportParameters requested are different than current active one (requested -> active):
  custom:framework-win-MediaFoundation: 216162199b28c13a410421893ffa2e32 -> 
  custom:video-decoder-ogg-theora: a1e56fd34408186e4bbccfd4996cb3dc -> 
  custom:container-muxer-webm: aa71ff27fc2769a1b78a27578f13a17b -> 
  custom:container-demuxer-webm: 4f35f7cbe854078d1ac9338744f61a02 -> 
  custom:container-demuxer-ogg: 62fdf1f143b41e24485cea50d1cbac27 -> 
  custom:video-encoder-webm-vp8: eb34c28f22e8b96e1ab97ce403110664 -> 
  custom:video-decoder-webm-vp8: 9c59270c3fd7afecdb556c50c9e8de78 -> 
  custom:audio-decoder-ogg-vorbis: bf7c407c2cedff20999df2af8eb42d56 -> 
  custom:audio-encoder-webm-vorbis: bf7c407c2cedff20999df2af8eb42d56 -> 
========================================================================
Received Import Request.
  Time since last request: 688.751987 seconds.
  path: Assets/Samples/XR Interaction Toolkit/1.0.0-pre.6/Default Input Actions/XRI Default Continuous Move.preset
  artifactKey: Guid(91f9da00cfdac5d49955df2d2d820b9c) Importer(815301076,1909f56bfc062723c751e8b465ee728b)
Start importing Assets/Samples/XR Interaction Toolkit/1.0.0-pre.6/Default Input Actions/XRI Default Continuous Move.preset using Guid(91f9da00cfdac5d49955df2d2d820b9c) Importer(815301076,1909f56bfc062723c751e8b465ee728b)  -> (artifact id: '7fbcd3ff63fcd09b3be425163d5c9845') in 0.034397 seconds 
  Import took 0.039397 seconds .

========================================================================
Received Import Request.
  Time since last request: 0.000172 seconds.
  path: Assets/Samples/XR Interaction Toolkit/1.0.0-pre.6/Default Input Actions/XRI Default Left Controller.preset
  artifactKey: Guid(ffd8268f7307a0c48a067dad4a8fe060) Importer(815301076,1909f56bfc062723c751e8b465ee728b)
Start importing Assets/Samples/XR Interaction Toolkit/1.0.0-pre.6/Default Input Actions/XRI Default Left Controller.preset using Guid(ffd8268f7307a0c48a067dad4a8fe060) Importer(815301076,1909f56bfc062723c751e8b465ee728b)  -> (artifact id: '8bd5147fac95f957b370d29f0afe3119') in 0.014140 seconds 
  Import took 0.017492 seconds .

========================================================================
Received Import Request.
  Time since last request: 0.000224 seconds.
  path: Assets/Samples/XR Interaction Toolkit/1.0.0-pre.6/Default Input Actions/XRI Default Snap Turn.preset
  artifactKey: Guid(18697d253d848974aa7052cba872c9f0) Importer(815301076,1909f56bfc062723c751e8b465ee728b)
Start importing Assets/Samples/XR Interaction Toolkit/1.0.0-pre.6/Default Input Actions/XRI Default Snap Turn.preset using Guid(18697d253d848974aa7052cba872c9f0) Importer(815301076,1909f56bfc062723c751e8b465ee728b)  -> (artifact id: '698c7e2c2901237432c76581133fb1f1') in 0.008894 seconds 
  Import took 0.012327 seconds .

========================================================================
Received Import Request.
  Time since last request: 0.000182 seconds.
  path: Assets/Samples/XR Interaction Toolkit/1.0.0-pre.6/Default Input Actions/XRI Default Input Actions.inputactions
  artifactKey: Guid(c348712bda248c246b8c49b3db54643f) Importer(815301076,1909f56bfc062723c751e8b465ee728b)
Start importing Assets/Samples/XR Interaction Toolkit/1.0.0-pre.6/Default Input Actions/XRI Default Input Actions.inputactions using Guid(c348712bda248c246b8c49b3db54643f) Importer(815301076,1909f56bfc062723c751e8b465ee728b)  -> (artifact id: '828f372db5c6c52aea9aaae2413fa5a2') in 0.013385 seconds 
  Import took 0.016698 seconds .

========================================================================
Received Import Request.
  Time since last request: 0.000191 seconds.
  path: Assets/Samples/XR Interaction Toolkit/1.0.0-pre.6/Default Input Actions/XRI Default Continuous Turn.preset
  artifactKey: Guid(0caad3af14f9a414dbdf25ed41e5aa47) Importer(815301076,1909f56bfc062723c751e8b465ee728b)
Start importing Assets/Samples/XR Interaction Toolkit/1.0.0-pre.6/Default Input Actions/XRI Default Continuous Turn.preset using Guid(0caad3af14f9a414dbdf25ed41e5aa47) Importer(815301076,1909f56bfc062723c751e8b465ee728b)  -> (artifact id: '01e039f96452fb154a4fabce180b317f') in 0.008602 seconds 
  Import took 0.012060 seconds .

========================================================================
Received Import Request.
  Time since last request: 0.000191 seconds.
  path: Assets/Samples/XR Interaction Toolkit/1.0.0-pre.6/Default Input Actions/XRI Default Right Controller.preset
  artifactKey: Guid(1421ad86ff3787b4dae70fe9e699a25f) Importer(815301076,1909f56bfc062723c751e8b465ee728b)
Start importing Assets/Samples/XR Interaction Toolkit/1.0.0-pre.6/Default Input Actions/XRI Default Right Controller.preset using Guid(1421ad86ff3787b4dae70fe9e699a25f) Importer(815301076,1909f56bfc062723c751e8b465ee728b)  -> (artifact id: '18c535d499cc3f394b161a582cab7b97') in 0.008611 seconds 
  Import took 0.012239 seconds .

========================================================================
Received Import Request.
  Time since last request: 579.671265 seconds.
  path: Assets/Materials/Black.mat
  artifactKey: Guid(b6f79a5bdd996044998909fc8c99627a) Importer(815301076,1909f56bfc062723c751e8b465ee728b)
Start importing Assets/Materials/Black.mat using Guid(b6f79a5bdd996044998909fc8c99627a) Importer(815301076,1909f56bfc062723c751e8b465ee728b)  -> (artifact id: '52bc53bed2e48c61a4076d41fd965667') in 0.079229 seconds 
  Import took 0.082956 seconds .

========================================================================
Received Import Request.
  Time since last request: 0.000194 seconds.
  path: Assets/Materials/New Material.mat
  artifactKey: Guid(34855f6c1bc68034d8459a679235b660) Importer(815301076,1909f56bfc062723c751e8b465ee728b)
Start importing Assets/Materials/New Material.mat using Guid(34855f6c1bc68034d8459a679235b660) Importer(815301076,1909f56bfc062723c751e8b465ee728b)  -> (artifact id: 'ede00d31c8c65c5fe82204381e952a97') in 0.011841 seconds 
  Import took 0.015635 seconds .

========================================================================
Received Import Request.
  Time since last request: 0.000170 seconds.
  path: Assets/Materials/Gold.mat
  artifactKey: Guid(b72d2de31f68ab94e96dfbf39afa03f1) Importer(815301076,1909f56bfc062723c751e8b465ee728b)
Start importing Assets/Materials/Gold.mat using Guid(b72d2de31f68ab94e96dfbf39afa03f1) Importer(815301076,1909f56bfc062723c751e8b465ee728b)  -> (artifact id: '15b9c896d2951cfec03f0f025613c419') in 0.012840 seconds 
  Import took 0.016607 seconds .

========================================================================
Received Import Request.
  Time since last request: 0.000182 seconds.
  path: Assets/Materials/Brown.mat
  artifactKey: Guid(00c5194008f72cc4bba347b380748de5) Importer(815301076,1909f56bfc062723c751e8b465ee728b)
Start importing Assets/Materials/Brown.mat using Guid(00c5194008f72cc4bba347b380748de5) Importer(815301076,1909f56bfc062723c751e8b465ee728b)  -> (artifact id: '378fe7e4e03023523753f55cbec7752b') in 0.012408 seconds 
  Import took 0.015748 seconds .

========================================================================
Received Import Request.
  Time since last request: 0.000181 seconds.
  path: Assets/Materials/White.mat
  artifactKey: Guid(efe1cc738366aa944bc6815ad9e897ce) Importer(815301076,1909f56bfc062723c751e8b465ee728b)
Start importing Assets/Materials/White.mat using Guid(efe1cc738366aa944bc6815ad9e897ce) Importer(815301076,1909f56bfc062723c751e8b465ee728b)  -> (artifact id: '4c883563ee64742144040b6242e83e67') in 0.012448 seconds 
  Import took 0.015842 seconds .

========================================================================
Received Prepare
Registering precompiled user dll's ...
Registered in 0.004849 seconds.
Begin MonoManager ReloadAssembly
Native extension for WindowsStandalone target not found
Native extension for OSXStandalone target not found
Native extension for WebGL target not found
Refreshing native plugins compatible for Editor in 1.00 ms, found 7 plugins.
Preloading 0 native plugins for Editor in 0.00 ms.
Mono: successfully reloaded assembly
- Completed reload, in  1.105 seconds
Domain Reload Profiling:
	ReloadAssembly (1106ms)
		BeginReloadAssembly (128ms)
			ExecutionOrderSort (0ms)
			DisableScriptedObjects (5ms)
			BackupInstance (0ms)
			ReleaseScriptingObjects (0ms)
			CreateAndSetChildDomain (47ms)
		EndReloadAssembly (923ms)
			LoadAssemblies (79ms)
			RebuildTransferFunctionScriptingTraits (0ms)
			SetupTypeCache (283ms)
			ReleaseScriptCaches (1ms)
			RebuildScriptCaches (67ms)
			SetupLoadedEditorAssemblies (382ms)
				LogAssemblyErrors (0ms)
				InitializePlatformSupportModulesInManaged (7ms)
				SetLoadedEditorAssemblies (1ms)
				RefreshPlugins (1ms)
				BeforeProcessingInitializeOnLoad (65ms)
				ProcessInitializeOnLoadAttributes (300ms)
				ProcessInitializeOnLoadMethodAttributes (4ms)
				AfterProcessingInitializeOnLoad (4ms)
				EditorAssembliesLoaded (0ms)
			ExecutionOrderSort2 (0ms)
			AwakeInstancesAfterBackupRestoration (6ms)
Platform modules already initialized, skipping
Refreshing native plugins compatible for Editor in 0.61 ms, found 7 plugins.
Preloading 0 native plugins for Editor in 0.00 ms.
Unloading 2009 Unused Serialized files (Serialized files now loaded: 0)
System memory in use before: 98.1 MB.
System memory in use after: 98.2 MB.

Unloading 31 unused Assets to reduce memory usage. Loaded Objects now: 2525.
Total: 3.401500 ms (FindLiveObjects: 0.250700 ms CreateObjectMapping: 0.099200 ms MarkObjects: 3.026400 ms  DeleteObjects: 0.023600 ms)

AssetImportParameters requested are different than current active one (requested -> active):
  custom:framework-win-MediaFoundation: 216162199b28c13a410421893ffa2e32 -> 
  custom:video-decoder-ogg-theora: a1e56fd34408186e4bbccfd4996cb3dc -> 
  custom:container-muxer-webm: aa71ff27fc2769a1b78a27578f13a17b -> 
  custom:container-demuxer-webm: 4f35f7cbe854078d1ac9338744f61a02 -> 
  custom:container-demuxer-ogg: 62fdf1f143b41e24485cea50d1cbac27 -> 
  custom:video-encoder-webm-vp8: eb34c28f22e8b96e1ab97ce403110664 -> 
  custom:video-decoder-webm-vp8: 9c59270c3fd7afecdb556c50c9e8de78 -> 
  custom:audio-decoder-ogg-vorbis: bf7c407c2cedff20999df2af8eb42d56 -> 
  custom:audio-encoder-webm-vorbis: bf7c407c2cedff20999df2af8eb42d56 -> 
========================================================================
Received Prepare
Registering precompiled user dll's ...
Registered in 0.004756 seconds.
Begin MonoManager ReloadAssembly
Native extension for WindowsStandalone target not found
Native extension for OSXStandalone target not found
Native extension for WebGL target not found
Refreshing native plugins compatible for Editor in 0.61 ms, found 7 plugins.
Preloading 0 native plugins for Editor in 0.00 ms.
Mono: successfully reloaded assembly
- Completed reload, in  0.993 seconds
Domain Reload Profiling:
	ReloadAssembly (993ms)
		BeginReloadAssembly (116ms)
			ExecutionOrderSort (0ms)
			DisableScriptedObjects (5ms)
			BackupInstance (0ms)
			ReleaseScriptingObjects (0ms)
			CreateAndSetChildDomain (39ms)
		EndReloadAssembly (820ms)
			LoadAssemblies (80ms)
			RebuildTransferFunctionScriptingTraits (0ms)
			SetupTypeCache (250ms)
			ReleaseScriptCaches (1ms)
			RebuildScriptCaches (32ms)
			SetupLoadedEditorAssemblies (349ms)
				LogAssemblyErrors (0ms)
				InitializePlatformSupportModulesInManaged (5ms)
				SetLoadedEditorAssemblies (0ms)
				RefreshPlugins (1ms)
				BeforeProcessingInitializeOnLoad (61ms)
				ProcessInitializeOnLoadAttributes (275ms)
				ProcessInitializeOnLoadMethodAttributes (4ms)
				AfterProcessingInitializeOnLoad (4ms)
				EditorAssembliesLoaded (0ms)
			ExecutionOrderSort2 (0ms)
			AwakeInstancesAfterBackupRestoration (7ms)
Platform modules already initialized, skipping
Refreshing native plugins compatible for Editor in 0.60 ms, found 7 plugins.
Preloading 0 native plugins for Editor in 0.00 ms.
Unloading 2009 Unused Serialized files (Serialized files now loaded: 0)
System memory in use before: 98.1 MB.
System memory in use after: 98.2 MB.

Unloading 31 unused Assets to reduce memory usage. Loaded Objects now: 2528.
Total: 3.483700 ms (FindLiveObjects: 0.232500 ms CreateObjectMapping: 0.053300 ms MarkObjects: 3.170500 ms  DeleteObjects: 0.026200 ms)

AssetImportParameters requested are different than current active one (requested -> active):
  custom:framework-win-MediaFoundation: 216162199b28c13a410421893ffa2e32 -> 
  custom:video-decoder-ogg-theora: a1e56fd34408186e4bbccfd4996cb3dc -> 
  custom:container-muxer-webm: aa71ff27fc2769a1b78a27578f13a17b -> 
  custom:container-demuxer-webm: 4f35f7cbe854078d1ac9338744f61a02 -> 
  custom:container-demuxer-ogg: 62fdf1f143b41e24485cea50d1cbac27 -> 
  custom:video-encoder-webm-vp8: eb34c28f22e8b96e1ab97ce403110664 -> 
  custom:video-decoder-webm-vp8: 9c59270c3fd7afecdb556c50c9e8de78 -> 
  custom:audio-decoder-ogg-vorbis: bf7c407c2cedff20999df2af8eb42d56 -> 
  custom:audio-encoder-webm-vorbis: bf7c407c2cedff20999df2af8eb42d56 -> 
========================================================================
Received Import Request.
  Time since last request: 706.150994 seconds.
  path: Assets/Prefabs/Ballista.prefab
  artifactKey: Guid(80c9df73ebf431f4d8e7de1e7b0036fa) Importer(815301076,1909f56bfc062723c751e8b465ee728b)
Start importing Assets/Prefabs/Ballista.prefab using Guid(80c9df73ebf431f4d8e7de1e7b0036fa) Importer(815301076,1909f56bfc062723c751e8b465ee728b)  -> (artifact id: '1b9c84378c71611ac68ccff73a103168') in 0.094475 seconds 
  Import took 0.098641 seconds .

========================================================================
Received Import Request.
  Time since last request: 0.000164 seconds.
  path: Assets/Prefabs/Bird.prefab
  artifactKey: Guid(661df379406ce1545bb6eb3be3ea5a72) Importer(815301076,1909f56bfc062723c751e8b465ee728b)
Start importing Assets/Prefabs/Bird.prefab using Guid(661df379406ce1545bb6eb3be3ea5a72) Importer(815301076,1909f56bfc062723c751e8b465ee728b)  -> (artifact id: '8ddad6a6b7d5a4b198ccee1cb7e3f74a') in 0.013189 seconds 
  Import took 0.017102 seconds .

========================================================================
Received Import Request.
  Time since last request: 0.000240 seconds.
  path: Assets/Prefabs/Bolt.prefab
  artifactKey: Guid(7d17531dbfaafe44cac3300726caeb58) Importer(815301076,1909f56bfc062723c751e8b465ee728b)
Start importing Assets/Prefabs/Bolt.prefab using Guid(7d17531dbfaafe44cac3300726caeb58) Importer(815301076,1909f56bfc062723c751e8b465ee728b)  -> (artifact id: '1064db28f732ffd258da8f1efdbb03aa') in 0.011160 seconds 
  Import took 0.014711 seconds .

========================================================================
Received Import Request.
  Time since last request: 10.637876 seconds.
  path: Assets/Prefabs/Ballista.prefab
  artifactKey: Guid(80c9df73ebf431f4d8e7de1e7b0036fa) Importer(815301076,1909f56bfc062723c751e8b465ee728b)
Start importing Assets/Prefabs/Ballista.prefab using Guid(80c9df73ebf431f4d8e7de1e7b0036fa) Importer(815301076,1909f56bfc062723c751e8b465ee728b)  -> (artifact id: '42cdee78a8797ebf16dc5a8d1eddb501') in 0.012797 seconds 
  Import took 0.017182 seconds .

========================================================================
Received Import Request.
  Time since last request: 1.736128 seconds.
  path: Assets/Prefabs/Ballista.prefab
  artifactKey: Guid(80c9df73ebf431f4d8e7de1e7b0036fa) Importer(815301076,1909f56bfc062723c751e8b465ee728b)
Start importing Assets/Prefabs/Ballista.prefab using Guid(80c9df73ebf431f4d8e7de1e7b0036fa) Importer(815301076,1909f56bfc062723c751e8b465ee728b)  -> (artifact id: '47380b0516487620958af5c21bf666e7') in 0.010518 seconds 
  Import took 0.014550 seconds .

========================================================================
Received Import Request.
  Time since last request: 8.322601 seconds.
  path: Assets/Prefabs/Ballista.prefab
  artifactKey: Guid(80c9df73ebf431f4d8e7de1e7b0036fa) Importer(815301076,1909f56bfc062723c751e8b465ee728b)
Start importing Assets/Prefabs/Ballista.prefab using Guid(80c9df73ebf431f4d8e7de1e7b0036fa) Importer(815301076,1909f56bfc062723c751e8b465ee728b)  -> (artifact id: '30ccbe02f5185a1aa9babb81dc199051') in 0.010313 seconds 
  Import took 0.014187 seconds .

========================================================================
Received Import Request.
  Time since last request: 3.403332 seconds.
  path: Assets/Prefabs/Ballista.prefab
  artifactKey: Guid(80c9df73ebf431f4d8e7de1e7b0036fa) Importer(815301076,1909f56bfc062723c751e8b465ee728b)
Start importing Assets/Prefabs/Ballista.prefab using Guid(80c9df73ebf431f4d8e7de1e7b0036fa) Importer(815301076,1909f56bfc062723c751e8b465ee728b)  -> (artifact id: 'c389b7b05da3ecbf3d0800c2a8a72f31') in 0.009801 seconds 
  Import took 0.013527 seconds .

========================================================================
Received Import Request.
  Time since last request: 4.016786 seconds.
  path: Assets/Prefabs/Ballista.prefab
  artifactKey: Guid(80c9df73ebf431f4d8e7de1e7b0036fa) Importer(815301076,1909f56bfc062723c751e8b465ee728b)
Start importing Assets/Prefabs/Ballista.prefab using Guid(80c9df73ebf431f4d8e7de1e7b0036fa) Importer(815301076,1909f56bfc062723c751e8b465ee728b)  -> (artifact id: '628f5c646f4337a639f99bf34385edd4') in 0.009703 seconds 
  Import took 0.013602 seconds .

========================================================================
Received Import Request.
  Time since last request: 32.376883 seconds.
  path: Assets/Prefabs/Ballista.prefab
  artifactKey: Guid(80c9df73ebf431f4d8e7de1e7b0036fa) Importer(815301076,1909f56bfc062723c751e8b465ee728b)
Start importing Assets/Prefabs/Ballista.prefab using Guid(80c9df73ebf431f4d8e7de1e7b0036fa) Importer(815301076,1909f56bfc062723c751e8b465ee728b)  -> (artifact id: '5ea4858e9ee4e2c4fd295f36971c8910') in 0.014737 seconds 
  Import took 0.018924 seconds .

========================================================================
Received Import Request.
  Time since last request: 4.809917 seconds.
  path: Assets/Prefabs/Ballista.prefab
  artifactKey: Guid(80c9df73ebf431f4d8e7de1e7b0036fa) Importer(815301076,1909f56bfc062723c751e8b465ee728b)
Start importing Assets/Prefabs/Ballista.prefab using Guid(80c9df73ebf431f4d8e7de1e7b0036fa) Importer(815301076,1909f56bfc062723c751e8b465ee728b)  -> (artifact id: 'f7221896b61220a9afcee909f6e246a0') in 0.012903 seconds 
  Import took 0.016918 seconds .

========================================================================
Received Import Request.
  Time since last request: 3.002626 seconds.
  path: Assets/Prefabs/Ballista.prefab
  artifactKey: Guid(80c9df73ebf431f4d8e7de1e7b0036fa) Importer(815301076,1909f56bfc062723c751e8b465ee728b)
Start importing Assets/Prefabs/Ballista.prefab using Guid(80c9df73ebf431f4d8e7de1e7b0036fa) Importer(815301076,1909f56bfc062723c751e8b465ee728b)  -> (artifact id: '419c7ae049bffb1bd247f53b252ca413') in 0.014069 seconds 
  Import took 0.018236 seconds .

========================================================================
Received Import Request.
  Time since last request: 1.592926 seconds.
  path: Assets/Prefabs/Ballista.prefab
  artifactKey: Guid(80c9df73ebf431f4d8e7de1e7b0036fa) Importer(815301076,1909f56bfc062723c751e8b465ee728b)
Start importing Assets/Prefabs/Ballista.prefab using Guid(80c9df73ebf431f4d8e7de1e7b0036fa) Importer(815301076,1909f56bfc062723c751e8b465ee728b)  -> (artifact id: 'c6b737cc679ebdf08f5997bd2ccd891e') in 0.013478 seconds 
  Import took 0.017426 seconds .

========================================================================
Received Import Request.
  Time since last request: 5.022159 seconds.
  path: Assets/Prefabs/Ballista.prefab
  artifactKey: Guid(80c9df73ebf431f4d8e7de1e7b0036fa) Importer(815301076,1909f56bfc062723c751e8b465ee728b)
Start importing Assets/Prefabs/Ballista.prefab using Guid(80c9df73ebf431f4d8e7de1e7b0036fa) Importer(815301076,1909f56bfc062723c751e8b465ee728b)  -> (artifact id: '399ee849fee3d40cac90e99263ab85c9') in 0.014594 seconds 
  Import took 0.018262 seconds .

========================================================================
Received Import Request.
  Time since last request: 1.792245 seconds.
  path: Assets/Prefabs/Ballista.prefab
  artifactKey: Guid(80c9df73ebf431f4d8e7de1e7b0036fa) Importer(815301076,1909f56bfc062723c751e8b465ee728b)
Start importing Assets/Prefabs/Ballista.prefab using Guid(80c9df73ebf431f4d8e7de1e7b0036fa) Importer(815301076,1909f56bfc062723c751e8b465ee728b)  -> (artifact id: '1b6ad037735fa56ed5914293d1c37bb2') in 0.014241 seconds 
  Import took 0.018326 seconds .

========================================================================
Received Import Request.
  Time since last request: 65.880829 seconds.
  path: Assets/Scripts/Ballista/Trigger.cs
  artifactKey: Guid(245c7c2630a3dee4c80ad13ef13ef126) Importer(815301076,1909f56bfc062723c751e8b465ee728b)
Start importing Assets/Scripts/Ballista/Trigger.cs using Guid(245c7c2630a3dee4c80ad13ef13ef126) Importer(815301076,1909f56bfc062723c751e8b465ee728b)  -> (artifact id: '95b18813c4d06f3cd095d3a8a598e02b') in 0.006995 seconds 
  Import took 0.011586 seconds .

========================================================================
Received Prepare
Registering precompiled user dll's ...
Registered in 0.006493 seconds.
Begin MonoManager ReloadAssembly
Native extension for WindowsStandalone target not found
Native extension for OSXStandalone target not found
Native extension for WebGL target not found
Refreshing native plugins compatible for Editor in 0.62 ms, found 7 plugins.
Preloading 0 native plugins for Editor in 0.00 ms.
Mono: successfully reloaded assembly
- Completed reload, in  1.035 seconds
Domain Reload Profiling:
	ReloadAssembly (1036ms)
		BeginReloadAssembly (125ms)
			ExecutionOrderSort (0ms)
			DisableScriptedObjects (6ms)
			BackupInstance (0ms)
			ReleaseScriptingObjects (0ms)
			CreateAndSetChildDomain (40ms)
		EndReloadAssembly (852ms)
			LoadAssemblies (85ms)
			RebuildTransferFunctionScriptingTraits (0ms)
			SetupTypeCache (269ms)
			ReleaseScriptCaches (1ms)
			RebuildScriptCaches (36ms)
			SetupLoadedEditorAssemblies (367ms)
				LogAssemblyErrors (0ms)
				InitializePlatformSupportModulesInManaged (5ms)
				SetLoadedEditorAssemblies (0ms)
				RefreshPlugins (1ms)
				BeforeProcessingInitializeOnLoad (61ms)
				ProcessInitializeOnLoadAttributes (293ms)
				ProcessInitializeOnLoadMethodAttributes (4ms)
				AfterProcessingInitializeOnLoad (4ms)
				EditorAssembliesLoaded (0ms)
			ExecutionOrderSort2 (0ms)
			AwakeInstancesAfterBackupRestoration (7ms)
Platform modules already initialized, skipping
Refreshing native plugins compatible for Editor in 0.64 ms, found 7 plugins.
Preloading 0 native plugins for Editor in 0.00 ms.
Unloading 2010 Unused Serialized files (Serialized files now loaded: 0)
System memory in use before: 98.3 MB.
System memory in use after: 98.4 MB.

Unloading 32 unused Assets to reduce memory usage. Loaded Objects now: 2535.
Total: 3.450500 ms (FindLiveObjects: 0.251100 ms CreateObjectMapping: 0.056000 ms MarkObjects: 3.110700 ms  DeleteObjects: 0.031300 ms)

AssetImportParameters requested are different than current active one (requested -> active):
  custom:framework-win-MediaFoundation: 216162199b28c13a410421893ffa2e32 -> 
  custom:video-decoder-ogg-theora: a1e56fd34408186e4bbccfd4996cb3dc -> 
  custom:container-muxer-webm: aa71ff27fc2769a1b78a27578f13a17b -> 
  custom:container-demuxer-webm: 4f35f7cbe854078d1ac9338744f61a02 -> 
  custom:container-demuxer-ogg: 62fdf1f143b41e24485cea50d1cbac27 -> 
  custom:video-encoder-webm-vp8: eb34c28f22e8b96e1ab97ce403110664 -> 
  custom:video-decoder-webm-vp8: 9c59270c3fd7afecdb556c50c9e8de78 -> 
  custom:audio-decoder-ogg-vorbis: bf7c407c2cedff20999df2af8eb42d56 -> 
  custom:audio-encoder-webm-vorbis: bf7c407c2cedff20999df2af8eb42d56 -> 
========================================================================
Received Import Request.
  Time since last request: 20.281332 seconds.
  path: Assets/Scripts/Ballista/Trigger.cs
  artifactKey: Guid(245c7c2630a3dee4c80ad13ef13ef126) Importer(815301076,1909f56bfc062723c751e8b465ee728b)
Start importing Assets/Scripts/Ballista/Trigger.cs using Guid(245c7c2630a3dee4c80ad13ef13ef126) Importer(815301076,1909f56bfc062723c751e8b465ee728b)  -> (artifact id: '8bce9b4d6f930ca9485e64a45d322687') in 0.006112 seconds 
  Import took 0.009454 seconds .

========================================================================
Received Import Request.
  Time since last request: 0.064379 seconds.
  path: Assets/Scripts/Ballista/Trigger.cs
  artifactKey: Guid(245c7c2630a3dee4c80ad13ef13ef126) Importer(815301076,1909f56bfc062723c751e8b465ee728b)
Start importing Assets/Scripts/Ballista/Trigger.cs using Guid(245c7c2630a3dee4c80ad13ef13ef126) Importer(815301076,1909f56bfc062723c751e8b465ee728b)  -> (artifact id: '8bce9b4d6f930ca9485e64a45d322687') in 0.002075 seconds 
  Import took 0.006086 seconds .

========================================================================
Received Prepare
Registering precompiled user dll's ...
Registered in 0.004862 seconds.
Begin MonoManager ReloadAssembly
Native extension for WindowsStandalone target not found
Native extension for OSXStandalone target not found
Native extension for WebGL target not found
Refreshing native plugins compatible for Editor in 0.65 ms, found 7 plugins.
Preloading 0 native plugins for Editor in 0.00 ms.
Mono: successfully reloaded assembly
- Completed reload, in  1.052 seconds
Domain Reload Profiling:
	ReloadAssembly (1052ms)
		BeginReloadAssembly (132ms)
			ExecutionOrderSort (0ms)
			DisableScriptedObjects (4ms)
			BackupInstance (0ms)
			ReleaseScriptingObjects (0ms)
			CreateAndSetChildDomain (39ms)
		EndReloadAssembly (859ms)
			LoadAssemblies (93ms)
			RebuildTransferFunctionScriptingTraits (0ms)
			SetupTypeCache (272ms)
			ReleaseScriptCaches (1ms)
			RebuildScriptCaches (40ms)
			SetupLoadedEditorAssemblies (363ms)
				LogAssemblyErrors (0ms)
				InitializePlatformSupportModulesInManaged (5ms)
				SetLoadedEditorAssemblies (0ms)
				RefreshPlugins (1ms)
				BeforeProcessingInitializeOnLoad (65ms)
				ProcessInitializeOnLoadAttributes (284ms)
				ProcessInitializeOnLoadMethodAttributes (4ms)
				AfterProcessingInitializeOnLoad (4ms)
				EditorAssembliesLoaded (0ms)
			ExecutionOrderSort2 (0ms)
			AwakeInstancesAfterBackupRestoration (7ms)
Platform modules already initialized, skipping
Refreshing native plugins compatible for Editor in 0.60 ms, found 7 plugins.
Preloading 0 native plugins for Editor in 0.00 ms.
Unloading 2010 Unused Serialized files (Serialized files now loaded: 0)
System memory in use before: 98.3 MB.
System memory in use after: 98.4 MB.

Unloading 31 unused Assets to reduce memory usage. Loaded Objects now: 2538.
Total: 3.557000 ms (FindLiveObjects: 0.238500 ms CreateObjectMapping: 0.059700 ms MarkObjects: 3.231100 ms  DeleteObjects: 0.026300 ms)

AssetImportParameters requested are different than current active one (requested -> active):
  custom:framework-win-MediaFoundation: 216162199b28c13a410421893ffa2e32 -> 
  custom:video-decoder-ogg-theora: a1e56fd34408186e4bbccfd4996cb3dc -> 
  custom:container-muxer-webm: aa71ff27fc2769a1b78a27578f13a17b -> 
  custom:container-demuxer-webm: 4f35f7cbe854078d1ac9338744f61a02 -> 
  custom:container-demuxer-ogg: 62fdf1f143b41e24485cea50d1cbac27 -> 
  custom:video-encoder-webm-vp8: eb34c28f22e8b96e1ab97ce403110664 -> 
  custom:video-decoder-webm-vp8: 9c59270c3fd7afecdb556c50c9e8de78 -> 
  custom:audio-decoder-ogg-vorbis: bf7c407c2cedff20999df2af8eb42d56 -> 
  custom:audio-encoder-webm-vorbis: bf7c407c2cedff20999df2af8eb42d56 -> 
========================================================================
Received Import Request.
  Time since last request: 30.195946 seconds.
  path: Assets/Scripts/Ballista/Trigger.cs
  artifactKey: Guid(245c7c2630a3dee4c80ad13ef13ef126) Importer(815301076,1909f56bfc062723c751e8b465ee728b)
Start importing Assets/Scripts/Ballista/Trigger.cs using Guid(245c7c2630a3dee4c80ad13ef13ef126) Importer(815301076,1909f56bfc062723c751e8b465ee728b)  -> (artifact id: '9121d7f687a91813aeb4cbbf5d15dddd') in 0.005902 seconds 
  Import took 0.009516 seconds .

========================================================================
Received Import Request.
  Time since last request: 0.071183 seconds.
  path: Assets/Scripts/Ballista/Trigger.cs
  artifactKey: Guid(245c7c2630a3dee4c80ad13ef13ef126) Importer(815301076,1909f56bfc062723c751e8b465ee728b)
Start importing Assets/Scripts/Ballista/Trigger.cs using Guid(245c7c2630a3dee4c80ad13ef13ef126) Importer(815301076,1909f56bfc062723c751e8b465ee728b)  -> (artifact id: '9121d7f687a91813aeb4cbbf5d15dddd') in 0.009590 seconds 
  Import took 0.015649 seconds .

========================================================================
Received Prepare
Registering precompiled user dll's ...
Registered in 0.004743 seconds.
Begin MonoManager ReloadAssembly
Native extension for WindowsStandalone target not found
Native extension for OSXStandalone target not found
Native extension for WebGL target not found
Refreshing native plugins compatible for Editor in 0.64 ms, found 7 plugins.
Preloading 0 native plugins for Editor in 0.00 ms.
Mono: successfully reloaded assembly
- Completed reload, in  0.972 seconds
Domain Reload Profiling:
	ReloadAssembly (972ms)
		BeginReloadAssembly (111ms)
			ExecutionOrderSort (0ms)
			DisableScriptedObjects (3ms)
			BackupInstance (0ms)
			ReleaseScriptingObjects (0ms)
			CreateAndSetChildDomain (33ms)
		EndReloadAssembly (810ms)
			LoadAssemblies (72ms)
			RebuildTransferFunctionScriptingTraits (0ms)
			SetupTypeCache (252ms)
			ReleaseScriptCaches (1ms)
			RebuildScriptCaches (34ms)
			SetupLoadedEditorAssemblies (349ms)
				LogAssemblyErrors (0ms)
				InitializePlatformSupportModulesInManaged (5ms)
				SetLoadedEditorAssemblies (0ms)
				RefreshPlugins (1ms)
				BeforeProcessingInitializeOnLoad (62ms)
				ProcessInitializeOnLoadAttributes (274ms)
				ProcessInitializeOnLoadMethodAttributes (4ms)
				AfterProcessingInitializeOnLoad (4ms)
				EditorAssembliesLoaded (0ms)
			ExecutionOrderSort2 (0ms)
			AwakeInstancesAfterBackupRestoration (7ms)
Platform modules already initialized, skipping
Refreshing native plugins compatible for Editor in 0.60 ms, found 7 plugins.
Preloading 0 native plugins for Editor in 0.00 ms.
Unloading 2010 Unused Serialized files (Serialized files now loaded: 0)
System memory in use before: 98.3 MB.
System memory in use after: 98.4 MB.

Unloading 31 unused Assets to reduce memory usage. Loaded Objects now: 2541.
Total: 3.526900 ms (FindLiveObjects: 0.244100 ms CreateObjectMapping: 0.100700 ms MarkObjects: 3.156600 ms  DeleteObjects: 0.024600 ms)

AssetImportParameters requested are different than current active one (requested -> active):
  custom:framework-win-MediaFoundation: 216162199b28c13a410421893ffa2e32 -> 
  custom:video-decoder-ogg-theora: a1e56fd34408186e4bbccfd4996cb3dc -> 
  custom:container-muxer-webm: aa71ff27fc2769a1b78a27578f13a17b -> 
  custom:container-demuxer-webm: 4f35f7cbe854078d1ac9338744f61a02 -> 
  custom:container-demuxer-ogg: 62fdf1f143b41e24485cea50d1cbac27 -> 
  custom:video-encoder-webm-vp8: eb34c28f22e8b96e1ab97ce403110664 -> 
  custom:video-decoder-webm-vp8: 9c59270c3fd7afecdb556c50c9e8de78 -> 
  custom:audio-decoder-ogg-vorbis: bf7c407c2cedff20999df2af8eb42d56 -> 
  custom:audio-encoder-webm-vorbis: bf7c407c2cedff20999df2af8eb42d56 -> 
========================================================================
Received Import Request.
  Time since last request: 37.649527 seconds.
  path: Assets/Scripts/Ballista/Trigger.cs
  artifactKey: Guid(245c7c2630a3dee4c80ad13ef13ef126) Importer(815301076,1909f56bfc062723c751e8b465ee728b)
Start importing Assets/Scripts/Ballista/Trigger.cs using Guid(245c7c2630a3dee4c80ad13ef13ef126) Importer(815301076,1909f56bfc062723c751e8b465ee728b)  -> (artifact id: '577d0d392b883c9fcea9bda55661558f') in 0.005855 seconds 
  Import took 0.009581 seconds .

========================================================================
Received Import Request.
  Time since last request: 0.073716 seconds.
  path: Assets/Scripts/Ballista/Trigger.cs
  artifactKey: Guid(245c7c2630a3dee4c80ad13ef13ef126) Importer(815301076,1909f56bfc062723c751e8b465ee728b)
Start importing Assets/Scripts/Ballista/Trigger.cs using Guid(245c7c2630a3dee4c80ad13ef13ef126) Importer(815301076,1909f56bfc062723c751e8b465ee728b)  -> (artifact id: '577d0d392b883c9fcea9bda55661558f') in 0.002727 seconds 
  Import took 0.007163 seconds .

========================================================================
Received Prepare
Registering precompiled user dll's ...
Registered in 0.005076 seconds.
Begin MonoManager ReloadAssembly
Native extension for WindowsStandalone target not found
Native extension for OSXStandalone target not found
Native extension for WebGL target not found
Refreshing native plugins compatible for Editor in 0.65 ms, found 7 plugins.
Preloading 0 native plugins for Editor in 0.00 ms.
Mono: successfully reloaded assembly
- Completed reload, in  1.010 seconds
Domain Reload Profiling:
	ReloadAssembly (1010ms)
		BeginReloadAssembly (126ms)
			ExecutionOrderSort (0ms)
			DisableScriptedObjects (4ms)
			BackupInstance (0ms)
			ReleaseScriptingObjects (0ms)
			CreateAndSetChildDomain (34ms)
		EndReloadAssembly (829ms)
			LoadAssemblies (89ms)
			RebuildTransferFunctionScriptingTraits (0ms)
			SetupTypeCache (257ms)
			ReleaseScriptCaches (1ms)
			RebuildScriptCaches (34ms)
			SetupLoadedEditorAssemblies (354ms)
				LogAssemblyErrors (0ms)
				InitializePlatformSupportModulesInManaged (5ms)
				SetLoadedEditorAssemblies (0ms)
				RefreshPlugins (1ms)
				BeforeProcessingInitializeOnLoad (64ms)
				ProcessInitializeOnLoadAttributes (277ms)
				ProcessInitializeOnLoadMethodAttributes (4ms)
				AfterProcessingInitializeOnLoad (4ms)
				EditorAssembliesLoaded (0ms)
			ExecutionOrderSort2 (0ms)
			AwakeInstancesAfterBackupRestoration (7ms)
Platform modules already initialized, skipping
Refreshing native plugins compatible for Editor in 0.60 ms, found 7 plugins.
Preloading 0 native plugins for Editor in 0.00 ms.
Unloading 2010 Unused Serialized files (Serialized files now loaded: 0)
System memory in use before: 98.3 MB.
System memory in use after: 98.4 MB.

Unloading 31 unused Assets to reduce memory usage. Loaded Objects now: 2544.
Total: 3.513100 ms (FindLiveObjects: 0.240000 ms CreateObjectMapping: 0.055300 ms MarkObjects: 3.191100 ms  DeleteObjects: 0.024900 ms)

AssetImportParameters requested are different than current active one (requested -> active):
  custom:framework-win-MediaFoundation: 216162199b28c13a410421893ffa2e32 -> 
  custom:video-decoder-ogg-theora: a1e56fd34408186e4bbccfd4996cb3dc -> 
  custom:container-muxer-webm: aa71ff27fc2769a1b78a27578f13a17b -> 
  custom:container-demuxer-webm: 4f35f7cbe854078d1ac9338744f61a02 -> 
  custom:container-demuxer-ogg: 62fdf1f143b41e24485cea50d1cbac27 -> 
  custom:video-encoder-webm-vp8: eb34c28f22e8b96e1ab97ce403110664 -> 
  custom:video-decoder-webm-vp8: 9c59270c3fd7afecdb556c50c9e8de78 -> 
  custom:audio-decoder-ogg-vorbis: bf7c407c2cedff20999df2af8eb42d56 -> 
  custom:audio-encoder-webm-vorbis: bf7c407c2cedff20999df2af8eb42d56 -> 
========================================================================
Received Import Request.
  Time since last request: 5.387928 seconds.
  path: Assets/Scripts/Ballista/Trigger.cs
  artifactKey: Guid(245c7c2630a3dee4c80ad13ef13ef126) Importer(815301076,1909f56bfc062723c751e8b465ee728b)
Start importing Assets/Scripts/Ballista/Trigger.cs using Guid(245c7c2630a3dee4c80ad13ef13ef126) Importer(815301076,1909f56bfc062723c751e8b465ee728b)  -> (artifact id: '44db6ab3034795db5a0e567512bc3a0b') in 0.006122 seconds 
  Import took 0.010193 seconds .

========================================================================
Received Prepare
Registering precompiled user dll's ...
Registered in 0.005079 seconds.
Begin MonoManager ReloadAssembly
Native extension for WindowsStandalone target not found
Native extension for OSXStandalone target not found
Native extension for WebGL target not found
Refreshing native plugins compatible for Editor in 0.61 ms, found 7 plugins.
Preloading 0 native plugins for Editor in 0.00 ms.
Mono: successfully reloaded assembly
- Completed reload, in  1.006 seconds
Domain Reload Profiling:
	ReloadAssembly (1007ms)
		BeginReloadAssembly (101ms)
			ExecutionOrderSort (0ms)
			DisableScriptedObjects (4ms)
			BackupInstance (0ms)
			ReleaseScriptingObjects (0ms)
			CreateAndSetChildDomain (36ms)
		EndReloadAssembly (848ms)
			LoadAssemblies (77ms)
			RebuildTransferFunctionScriptingTraits (0ms)
			SetupTypeCache (262ms)
			ReleaseScriptCaches (1ms)
			RebuildScriptCaches (34ms)
			SetupLoadedEditorAssemblies (362ms)
				LogAssemblyErrors (0ms)
				InitializePlatformSupportModulesInManaged (5ms)
				SetLoadedEditorAssemblies (0ms)
				RefreshPlugins (1ms)
				BeforeProcessingInitializeOnLoad (61ms)
				ProcessInitializeOnLoadAttributes (288ms)
				ProcessInitializeOnLoadMethodAttributes (4ms)
				AfterProcessingInitializeOnLoad (4ms)
				EditorAssembliesLoaded (0ms)
			ExecutionOrderSort2 (0ms)
			AwakeInstancesAfterBackupRestoration (7ms)
Platform modules already initialized, skipping
Refreshing native plugins compatible for Editor in 0.61 ms, found 7 plugins.
Preloading 0 native plugins for Editor in 0.00 ms.
Unloading 2010 Unused Serialized files (Serialized files now loaded: 0)
System memory in use before: 98.3 MB.
System memory in use after: 98.4 MB.

Unloading 31 unused Assets to reduce memory usage. Loaded Objects now: 2547.
Total: 3.608900 ms (FindLiveObjects: 0.253600 ms CreateObjectMapping: 0.098000 ms MarkObjects: 3.232800 ms  DeleteObjects: 0.023600 ms)

AssetImportParameters requested are different than current active one (requested -> active):
  custom:framework-win-MediaFoundation: 216162199b28c13a410421893ffa2e32 -> 
  custom:video-decoder-ogg-theora: a1e56fd34408186e4bbccfd4996cb3dc -> 
  custom:container-muxer-webm: aa71ff27fc2769a1b78a27578f13a17b -> 
  custom:container-demuxer-webm: 4f35f7cbe854078d1ac9338744f61a02 -> 
  custom:container-demuxer-ogg: 62fdf1f143b41e24485cea50d1cbac27 -> 
  custom:video-encoder-webm-vp8: eb34c28f22e8b96e1ab97ce403110664 -> 
  custom:video-decoder-webm-vp8: 9c59270c3fd7afecdb556c50c9e8de78 -> 
  custom:audio-decoder-ogg-vorbis: bf7c407c2cedff20999df2af8eb42d56 -> 
  custom:audio-encoder-webm-vorbis: bf7c407c2cedff20999df2af8eb42d56 -> 
========================================================================
Received Import Request.
  Time since last request: 49.282532 seconds.
  path: Assets/Scripts/Ballista/Trigger.cs
  artifactKey: Guid(245c7c2630a3dee4c80ad13ef13ef126) Importer(815301076,1909f56bfc062723c751e8b465ee728b)
Start importing Assets/Scripts/Ballista/Trigger.cs using Guid(245c7c2630a3dee4c80ad13ef13ef126) Importer(815301076,1909f56bfc062723c751e8b465ee728b)  -> (artifact id: '725d17255a6923476f4ec86169063472') in 0.005924 seconds 
  Import took 0.009735 seconds .

========================================================================
Received Import Request.
  Time since last request: 11.022880 seconds.
  path: Assets/Scripts/Ballista/Trigger.cs
  artifactKey: Guid(245c7c2630a3dee4c80ad13ef13ef126) Importer(815301076,1909f56bfc062723c751e8b465ee728b)
Start importing Assets/Scripts/Ballista/Trigger.cs using Guid(245c7c2630a3dee4c80ad13ef13ef126) Importer(815301076,1909f56bfc062723c751e8b465ee728b)  -> (artifact id: '0e9a8bbf493ac6efd9443013defc3e8a') in 0.002813 seconds 
  Import took 0.006152 seconds .

========================================================================
Received Import Request.
  Time since last request: 20.231250 seconds.
  path: Assets/Scripts/Ballista/Trigger.cs
  artifactKey: Guid(245c7c2630a3dee4c80ad13ef13ef126) Importer(815301076,1909f56bfc062723c751e8b465ee728b)
Start importing Assets/Scripts/Ballista/Trigger.cs using Guid(245c7c2630a3dee4c80ad13ef13ef126) Importer(815301076,1909f56bfc062723c751e8b465ee728b)  -> (artifact id: 'a611f9724c76dff44e91c18302230e17') in 0.002850 seconds 
  Import took 0.006762 seconds .

========================================================================
Received Import Request.
  Time since last request: 26.067201 seconds.
  path: Assets/Scripts/Ballista/Trigger.cs
  artifactKey: Guid(245c7c2630a3dee4c80ad13ef13ef126) Importer(815301076,1909f56bfc062723c751e8b465ee728b)
Start importing Assets/Scripts/Ballista/Trigger.cs using Guid(245c7c2630a3dee4c80ad13ef13ef126) Importer(815301076,1909f56bfc062723c751e8b465ee728b)  -> (artifact id: '2eb7beb4b12a98e86d67ddc34a670389') in 0.002429 seconds 
  Import took 0.006628 seconds .

========================================================================
Received Import Request.
  Time since last request: 17.111932 seconds.
  path: Assets/Scripts/Ballista/Trigger.cs
  artifactKey: Guid(245c7c2630a3dee4c80ad13ef13ef126) Importer(815301076,1909f56bfc062723c751e8b465ee728b)
Start importing Assets/Scripts/Ballista/Trigger.cs using Guid(245c7c2630a3dee4c80ad13ef13ef126) Importer(815301076,1909f56bfc062723c751e8b465ee728b)  -> (artifact id: '30252c9d6c2548ed4d593263efe69302') in 0.002562 seconds 
  Import took 0.006110 seconds .

========================================================================
Received Import Request.
  Time since last request: 16.439747 seconds.
  path: Assets/Scripts/Ballista/Trigger.cs
  artifactKey: Guid(245c7c2630a3dee4c80ad13ef13ef126) Importer(815301076,1909f56bfc062723c751e8b465ee728b)
Start importing Assets/Scripts/Ballista/Trigger.cs using Guid(245c7c2630a3dee4c80ad13ef13ef126) Importer(815301076,1909f56bfc062723c751e8b465ee728b)  -> (artifact id: 'b34796f9ecad78ecb7dd896e5e6d38a2') in 0.002493 seconds 
  Import took 0.005865 seconds .

========================================================================
Received Import Request.
  Time since last request: 46.659101 seconds.
  path: Assets/Scripts/Ballista/Trigger.cs
  artifactKey: Guid(245c7c2630a3dee4c80ad13ef13ef126) Importer(815301076,1909f56bfc062723c751e8b465ee728b)
Start importing Assets/Scripts/Ballista/Trigger.cs using Guid(245c7c2630a3dee4c80ad13ef13ef126) Importer(815301076,1909f56bfc062723c751e8b465ee728b)  -> (artifact id: '8fbc0ea2a124df01724ffee41869c6df') in 0.002017 seconds 
  Import took 0.005832 seconds .

========================================================================
Received Prepare
Registering precompiled user dll's ...
Registered in 0.005510 seconds.
Begin MonoManager ReloadAssembly
Native extension for WindowsStandalone target not found
Native extension for OSXStandalone target not found
Native extension for WebGL target not found
Refreshing native plugins compatible for Editor in 0.70 ms, found 7 plugins.
Preloading 0 native plugins for Editor in 0.00 ms.
Mono: successfully reloaded assembly
- Completed reload, in  1.036 seconds
Domain Reload Profiling:
	ReloadAssembly (1036ms)
		BeginReloadAssembly (111ms)
			ExecutionOrderSort (0ms)
			DisableScriptedObjects (4ms)
			BackupInstance (0ms)
			ReleaseScriptingObjects (0ms)
			CreateAndSetChildDomain (35ms)
		EndReloadAssembly (861ms)
			LoadAssemblies (83ms)
			RebuildTransferFunctionScriptingTraits (0ms)
			SetupTypeCache (261ms)
			ReleaseScriptCaches (1ms)
			RebuildScriptCaches (35ms)
			SetupLoadedEditorAssemblies (378ms)
				LogAssemblyErrors (0ms)
				InitializePlatformSupportModulesInManaged (5ms)
				SetLoadedEditorAssemblies (0ms)
				RefreshPlugins (1ms)
				BeforeProcessingInitializeOnLoad (64ms)
				ProcessInitializeOnLoadAttributes (301ms)
				ProcessInitializeOnLoadMethodAttributes (4ms)
				AfterProcessingInitializeOnLoad (4ms)
				EditorAssembliesLoaded (0ms)
			ExecutionOrderSort2 (0ms)
			AwakeInstancesAfterBackupRestoration (7ms)
Platform modules already initialized, skipping
Refreshing native plugins compatible for Editor in 0.67 ms, found 7 plugins.
Preloading 0 native plugins for Editor in 0.00 ms.
Unloading 2010 Unused Serialized files (Serialized files now loaded: 0)
System memory in use before: 98.3 MB.
System memory in use after: 98.4 MB.

Unloading 31 unused Assets to reduce memory usage. Loaded Objects now: 2550.
Total: 4.133700 ms (FindLiveObjects: 0.284800 ms CreateObjectMapping: 0.101500 ms MarkObjects: 3.718100 ms  DeleteObjects: 0.027900 ms)

AssetImportParameters requested are different than current active one (requested -> active):
  custom:framework-win-MediaFoundation: 216162199b28c13a410421893ffa2e32 -> 
  custom:video-decoder-ogg-theora: a1e56fd34408186e4bbccfd4996cb3dc -> 
  custom:container-muxer-webm: aa71ff27fc2769a1b78a27578f13a17b -> 
  custom:container-demuxer-webm: 4f35f7cbe854078d1ac9338744f61a02 -> 
  custom:container-demuxer-ogg: 62fdf1f143b41e24485cea50d1cbac27 -> 
  custom:video-encoder-webm-vp8: eb34c28f22e8b96e1ab97ce403110664 -> 
  custom:video-decoder-webm-vp8: 9c59270c3fd7afecdb556c50c9e8de78 -> 
  custom:audio-decoder-ogg-vorbis: bf7c407c2cedff20999df2af8eb42d56 -> 
  custom:audio-encoder-webm-vorbis: bf7c407c2cedff20999df2af8eb42d56 -> 
========================================================================
Received Import Request.
  Time since last request: 5.725711 seconds.
  path: Assets/Prefabs/Ballista.prefab
  artifactKey: Guid(80c9df73ebf431f4d8e7de1e7b0036fa) Importer(815301076,1909f56bfc062723c751e8b465ee728b)
Start importing Assets/Prefabs/Ballista.prefab using Guid(80c9df73ebf431f4d8e7de1e7b0036fa) Importer(815301076,1909f56bfc062723c751e8b465ee728b)  -> (artifact id: '0a33a40a4a8d67a9436b7d079ca6e412') in 0.092500 seconds 
  Import took 0.096413 seconds .

========================================================================
Received Import Request.
  Time since last request: 13.875299 seconds.
  path: Assets/Prefabs/Ballista.prefab
  artifactKey: Guid(80c9df73ebf431f4d8e7de1e7b0036fa) Importer(815301076,1909f56bfc062723c751e8b465ee728b)
Start importing Assets/Prefabs/Ballista.prefab using Guid(80c9df73ebf431f4d8e7de1e7b0036fa) Importer(815301076,1909f56bfc062723c751e8b465ee728b)  -> (artifact id: '01b566cfd48b9ea441c287cc6aa466ce') in 0.009796 seconds 
  Import took 0.013447 seconds .

========================================================================
Received Prepare
Registering precompiled user dll's ...
Registered in 0.004801 seconds.
Begin MonoManager ReloadAssembly
Native extension for WindowsStandalone target not found
Native extension for OSXStandalone target not found
Native extension for WebGL target not found
Refreshing native plugins compatible for Editor in 0.62 ms, found 7 plugins.
Preloading 0 native plugins for Editor in 0.00 ms.
Mono: successfully reloaded assembly
- Completed reload, in  0.985 seconds
Domain Reload Profiling:
	ReloadAssembly (986ms)
		BeginReloadAssembly (102ms)
			ExecutionOrderSort (0ms)
			DisableScriptedObjects (3ms)
			BackupInstance (0ms)
			ReleaseScriptingObjects (0ms)
			CreateAndSetChildDomain (37ms)
		EndReloadAssembly (833ms)
			LoadAssemblies (71ms)
			RebuildTransferFunctionScriptingTraits (0ms)
			SetupTypeCache (248ms)
			ReleaseScriptCaches (1ms)
			RebuildScriptCaches (36ms)
			SetupLoadedEditorAssemblies (365ms)
				LogAssemblyErrors (0ms)
				InitializePlatformSupportModulesInManaged (5ms)
				SetLoadedEditorAssemblies (0ms)
				RefreshPlugins (1ms)
				BeforeProcessingInitializeOnLoad (63ms)
				ProcessInitializeOnLoadAttributes (288ms)
				ProcessInitializeOnLoadMethodAttributes (4ms)
				AfterProcessingInitializeOnLoad (4ms)
				EditorAssembliesLoaded (0ms)
			ExecutionOrderSort2 (0ms)
			AwakeInstancesAfterBackupRestoration (8ms)
Platform modules already initialized, skipping
Refreshing native plugins compatible for Editor in 0.65 ms, found 7 plugins.
Preloading 0 native plugins for Editor in 0.00 ms.
Unloading 2010 Unused Serialized files (Serialized files now loaded: 0)
System memory in use before: 98.3 MB.
System memory in use after: 98.4 MB.

Unloading 31 unused Assets to reduce memory usage. Loaded Objects now: 2554.
Total: 3.740700 ms (FindLiveObjects: 0.269800 ms CreateObjectMapping: 0.079100 ms MarkObjects: 3.360900 ms  DeleteObjects: 0.029300 ms)

AssetImportParameters requested are different than current active one (requested -> active):
  custom:framework-win-MediaFoundation: 216162199b28c13a410421893ffa2e32 -> 
  custom:video-decoder-ogg-theora: a1e56fd34408186e4bbccfd4996cb3dc -> 
  custom:container-muxer-webm: aa71ff27fc2769a1b78a27578f13a17b -> 
  custom:container-demuxer-webm: 4f35f7cbe854078d1ac9338744f61a02 -> 
  custom:container-demuxer-ogg: 62fdf1f143b41e24485cea50d1cbac27 -> 
  custom:video-encoder-webm-vp8: eb34c28f22e8b96e1ab97ce403110664 -> 
  custom:video-decoder-webm-vp8: 9c59270c3fd7afecdb556c50c9e8de78 -> 
  custom:audio-decoder-ogg-vorbis: bf7c407c2cedff20999df2af8eb42d56 -> 
  custom:audio-encoder-webm-vorbis: bf7c407c2cedff20999df2af8eb42d56 -> 
========================================================================
Received Prepare
Registering precompiled user dll's ...
Registered in 0.004786 seconds.
Begin MonoManager ReloadAssembly
Native extension for WindowsStandalone target not found
Native extension for OSXStandalone target not found
Native extension for WebGL target not found
Refreshing native plugins compatible for Editor in 0.61 ms, found 7 plugins.
Preloading 0 native plugins for Editor in 0.00 ms.
Mono: successfully reloaded assembly
- Completed reload, in  0.984 seconds
Domain Reload Profiling:
	ReloadAssembly (984ms)
		BeginReloadAssembly (106ms)
			ExecutionOrderSort (0ms)
			DisableScriptedObjects (4ms)
			BackupInstance (0ms)
			ReleaseScriptingObjects (0ms)
			CreateAndSetChildDomain (33ms)
		EndReloadAssembly (827ms)
			LoadAssemblies (71ms)
			RebuildTransferFunctionScriptingTraits (0ms)
			SetupTypeCache (239ms)
			ReleaseScriptCaches (1ms)
			RebuildScriptCaches (33ms)
			SetupLoadedEditorAssemblies (375ms)
				LogAssemblyErrors (0ms)
				InitializePlatformSupportModulesInManaged (5ms)
				SetLoadedEditorAssemblies (0ms)
				RefreshPlugins (1ms)
				BeforeProcessingInitializeOnLoad (63ms)
				ProcessInitializeOnLoadAttributes (298ms)
				ProcessInitializeOnLoadMethodAttributes (4ms)
				AfterProcessingInitializeOnLoad (4ms)
				EditorAssembliesLoaded (0ms)
			ExecutionOrderSort2 (0ms)
			AwakeInstancesAfterBackupRestoration (6ms)
Platform modules already initialized, skipping
Refreshing native plugins compatible for Editor in 0.60 ms, found 7 plugins.
Preloading 0 native plugins for Editor in 0.00 ms.
Unloading 2010 Unused Serialized files (Serialized files now loaded: 0)
System memory in use before: 98.3 MB.
System memory in use after: 98.5 MB.

Unloading 31 unused Assets to reduce memory usage. Loaded Objects now: 2557.
Total: 3.488100 ms (FindLiveObjects: 0.244400 ms CreateObjectMapping: 0.058400 ms MarkObjects: 3.156100 ms  DeleteObjects: 0.027700 ms)

AssetImportParameters requested are different than current active one (requested -> active):
  custom:framework-win-MediaFoundation: 216162199b28c13a410421893ffa2e32 -> 
  custom:video-decoder-ogg-theora: a1e56fd34408186e4bbccfd4996cb3dc -> 
  custom:container-muxer-webm: aa71ff27fc2769a1b78a27578f13a17b -> 
  custom:container-demuxer-webm: 4f35f7cbe854078d1ac9338744f61a02 -> 
  custom:container-demuxer-ogg: 62fdf1f143b41e24485cea50d1cbac27 -> 
  custom:video-encoder-webm-vp8: eb34c28f22e8b96e1ab97ce403110664 -> 
  custom:video-decoder-webm-vp8: 9c59270c3fd7afecdb556c50c9e8de78 -> 
  custom:audio-decoder-ogg-vorbis: bf7c407c2cedff20999df2af8eb42d56 -> 
  custom:audio-encoder-webm-vorbis: bf7c407c2cedff20999df2af8eb42d56 -> 
AssetImportWorkerClient::OnTransportError - code=2 error=End of file
